<?xml version="1.0" encoding="UTF-8"?>
<!-- Generated by org.testng.reporters.JUnitReportReporter -->
<testsuite hostname="LAPTOP-T5F2R5E5" failures="0" tests="1" name="tests.FDcalculatortest" time="0.141" errors="0" timestamp="2020-05-05T16:50:22 IST" skipped="0">
  <testcase classname="tests.FDcalculatortest" name="print" time="0.141"/>
  <system-out/>
</testsuite> <!-- tests.FDcalculatortest -->
